app/build/intermediates/manifest_merge_blame_file/debug/manifest-merger-blame-debug-report.txt
1<?xml version="1.0" encoding="utf-8"?>
2<manifest xmlns:android="http://schemas.android.com/apk/res/android"
3    package="com.healthmapper.chwapp"
4    android:versionCode="1"
5    android:versionName="1.0" >
6
7    <uses-sdk
8        android:minSdkVersion="24"
8-->src\main\AndroidManifest.xml
9        android:targetSdkVersion="33" />
9-->src\main\AndroidManifest.xml
10
11    <application
11-->src\main\AndroidManifest.xml:5:5-10:19
12        android:debuggable="true"
13        android:extractNativeLibs="false"
14        android:label="CHW Disease Reporter" >
14-->src\main\AndroidManifest.xml:6:9-45
15
16        <!-- We'll add activities later when we create Profile and History screens -->
17
18    </application>
19
20</manifest>